{"uid":"b88c77da691fce03","name":"WrongExceptionType","fullName":"Allurre_with_Nunit:Allurre_with_Nunit.Tests.FailingTests.WrongExceptionType()","historyId":"6e480b736341ec873a9e443d8fddd266","time":{"start":1771411704650,"stop":1771411704651,"duration":1},"status":"failed","statusMessage":"  Expected: <System.ArgumentNullException>\n  But was:  <System.InvalidOperationException: wrong type\n   at Allurre_with_Nunit.Tests.FailingTests.<>c.<WrongExceptionType>b__16_0() in /__w/Nunit_with_Allure/Nunit_with_Allure/Tests/FailingTests.cs:line 158\n   at NUnit.Framework.Assert.Throws(IResolveConstraint expression, TestDelegate code, String message, Object[] args)>\n","statusTrace":"   at Allurre_with_Nunit.Tests.FailingTests.WrongExceptionType() in /__w/Nunit_with_Allure/Nunit_with_Allure/Tests/FailingTests.cs:line 156\n","flaky":false,"newFailed":false,"newBroken":false,"newPassed":false,"retriesCount":0,"retriesStatusChange":false,"beforeStages":[],"afterStages":[],"labels":[{"name":"thread","value":"ParallelWorker#4"},{"name":"host","value":"04b307c296ea"},{"name":"language","value":"C#"},{"name":"framework","value":"NUnit 3"},{"name":"package","value":"Allurre_with_Nunit.Tests"},{"name":"testMethod","value":"WrongExceptionType"},{"name":"testClass","value":"FailingTests"},{"name":"story","value":"Exception Failures"},{"name":"tag","value":"failing"},{"name":"tag","value":"exception"},{"name":"suite","value":"Failing Tests"},{"name":"feature","value":"Failure Scenarios"},{"name":"resultFormat","value":"allure2"}],"parameters":[],"links":[],"hidden":false,"retry":false,"extra":{"severity":"normal","retries":[],"categories":[{"name":"Product defects","matchedStatuses":[],"flaky":false}],"history":{"statistic":{"failed":3,"broken":0,"skipped":0,"passed":0,"unknown":0,"total":3},"items":[{"uid":"38a395e80c1096ea","reportUrl":"https://Ric-are-do.github.io/Nunit_with_Allure/67/#testresult/38a395e80c1096ea","status":"failed","statusDetails":"  Expected: <System.ArgumentNullException>\n  But was:  <System.InvalidOperationException: wrong type\n   at Allurre_with_Nunit.Tests.FailingTests.<>c.<WrongExceptionType>b__16_0() in /__w/Nunit_with_Allure/Nunit_with_Allure/Tests/FailingTests.cs:line 158\n   at NUnit.Framework.Assert.Throws(IResolveConstraint expression, TestDelegate code, String message, Object[] args)>\n","time":{"start":1771411144073,"stop":1771411144075,"duration":2}},{"uid":"ad165a6ee86e6477","reportUrl":"https://Ric-are-do.github.io/Nunit_with_Allure/66/#testresult/ad165a6ee86e6477","status":"failed","statusDetails":"  Expected: <System.ArgumentNullException>\n  But was:  <System.InvalidOperationException: wrong type\n   at Allurre_with_Nunit.Tests.FailingTests.<>c.<WrongExceptionType>b__16_0() in /__w/Nunit_with_Allure/Nunit_with_Allure/Tests/FailingTests.cs:line 158\n   at NUnit.Framework.Assert.Throws(IResolveConstraint expression, TestDelegate code, String message, Object[] args)>\n","time":{"start":1771410651891,"stop":1771410651892,"duration":1}}]},"tags":["exception","failing"]},"source":"b88c77da691fce03.json","parameterValues":[]}